Using pre-set license
Built from '6000.0/staging' branch; Version is '6000.0.26f1 (ccb7c73d2c02) revision 13416391'; Using compiler version '193933523'; Build Type 'Release'
OS: 'Windows 10  (10.0.19045) 64bit Professional' Language: 'ru' Physical Memory: 12245 MB
BatchMode: 1, IsHumanControllingUs: 0, StartBugReporterOnCrash: 0, Is64bit: 1, IsPro: 1

COMMAND LINE ARGUMENTS:
C:\Program Files\Unity\Hub\Editor\6000.0.26f1\Editor\Unity.exe
-adb2
-batchMode
-noUpm
-name
AssetImportWorker0
-projectPath
C:/Users/hanin.denis/Documents/GitHub/fantazy/2D Games/2D Games
-logFile
Logs/AssetImportWorker0.log
-srvPort
53079
-job-worker-count
1
-background-job-worker-count
8
-asset-garbage-collectors
1
Successfully changed project path to: C:/Users/hanin.denis/Documents/GitHub/fantazy/2D Games/2D Games
C:/Users/hanin.denis/Documents/GitHub/fantazy/2D Games/2D Games
[UnityMemory] Configuration Parameters - Can be set up in boot.config
    "memorysetup-bucket-allocator-granularity=16"
    "memorysetup-bucket-allocator-bucket-count=8"
    "memorysetup-bucket-allocator-block-size=33554432"
    "memorysetup-bucket-allocator-block-count=8"
    "memorysetup-main-allocator-block-size=16777216"
    "memorysetup-thread-allocator-block-size=16777216"
    "memorysetup-gfx-main-allocator-block-size=16777216"
    "memorysetup-gfx-thread-allocator-block-size=16777216"
    "memorysetup-cache-allocator-block-size=4194304"
    "memorysetup-typetree-allocator-block-size=2097152"
    "memorysetup-profiler-bucket-allocator-granularity=16"
    "memorysetup-profiler-bucket-allocator-bucket-count=8"
    "memorysetup-profiler-bucket-allocator-block-size=33554432"
    "memorysetup-profiler-bucket-allocator-block-count=8"
    "memorysetup-profiler-allocator-block-size=16777216"
    "memorysetup-profiler-editor-allocator-block-size=1048576"
    "memorysetup-temp-allocator-size-main=16777216"
    "memorysetup-job-temp-allocator-block-size=2097152"
    "memorysetup-job-temp-allocator-block-size-background=1048576"
    "memorysetup-job-temp-allocator-reduction-small-platforms=262144"
    "memorysetup-allocator-temp-initial-block-size-main=262144"
    "memorysetup-allocator-temp-initial-block-size-worker=262144"
    "memorysetup-temp-allocator-size-background-worker=32768"
    "memorysetup-temp-allocator-size-job-worker=262144"
    "memorysetup-temp-allocator-size-preload-manager=33554432"
    "memorysetup-temp-allocator-size-nav-mesh-worker=65536"
    "memorysetup-temp-allocator-size-audio-worker=65536"
    "memorysetup-temp-allocator-size-cloud-worker=32768"
    "memorysetup-temp-allocator-size-gi-baking-worker=262144"
    "memorysetup-temp-allocator-size-gi-baking-worker=262144"
    "memorysetup-temp-allocator-size-gi-baking-worker=262144"
    "memorysetup-temp-allocator-size-gi-baking-worker=262144"
    "memorysetup-temp-allocator-size-gi-baking-worker=262144"
    "memorysetup-temp-allocator-size-gfx=262144"
Player connection [25140]  Target information:

Player connection [25140]  * "[IP] 192.168.1.198 [Port] 0 [Flags] 2 [Guid] 2616883225 [EditorId] 2616883225 [Version] 1048832 [Id] WindowsEditor(7,wst22) [Debug] 1 [PackageName] WindowsEditor [ProjectName] Editor" 

Player connection [25140]  * "[IP] 172.22.160.1 [Port] 0 [Flags] 2 [Guid] 2616883225 [EditorId] 2616883225 [Version] 1048832 [Id] WindowsEditor(7,wst22) [Debug] 1 [PackageName] WindowsEditor [ProjectName] Editor" 

Player connection [25140]  * "[IP] 172.28.64.1 [Port] 0 [Flags] 2 [Guid] 2616883225 [EditorId] 2616883225 [Version] 1048832 [Id] WindowsEditor(7,wst22) [Debug] 1 [PackageName] WindowsEditor [ProjectName] Editor" 

Player connection [25140]  * "[IP] 172.28.0.1 [Port] 0 [Flags] 2 [Guid] 2616883225 [EditorId] 2616883225 [Version] 1048832 [Id] WindowsEditor(7,wst22) [Debug] 1 [PackageName] WindowsEditor [ProjectName] Editor" 

Player connection [25140]  * "[IP] 172.25.128.1 [Port] 0 [Flags] 2 [Guid] 2616883225 [EditorId] 2616883225 [Version] 1048832 [Id] WindowsEditor(7,wst22) [Debug] 1 [PackageName] WindowsEditor [ProjectName] Editor" 

Player connection [25140] Host joined multi-casting on [225.0.0.222:54997]...
Player connection [25140] Host joined alternative multi-casting on [225.0.0.222:34997]...
JobSystem: Creating JobQueue using job-worker-count value 1
[Physics::Module] Initialized fallback backend.
[Physics::Module] Id: 0xdecafbad
Library Redirect Path: Library/
[Physics::Module] Selected backend.
[Physics::Module] Name: PhysX
[Physics::Module] Id: 0xf2b8ea05
[Physics::Module] SDK Version: 4.1.2
[Physics::Module] Integration Version: 1.0.0
[Physics::Module] Threading Mode: Multi-Threaded
Refreshing native plugins compatible for Editor in 169.08 ms, found 4 plugins.
Preloading 0 native plugins for Editor in 0.00 ms.
Initialize engine version: 6000.0.26f1 (ccb7c73d2c02)
[Subsystems] Discovering subsystems at path C:/Program Files/Unity/Hub/Editor/6000.0.26f1/Editor/Data/Resources/UnitySubsystems
[Subsystems] Discovering subsystems at path C:/Users/hanin.denis/Documents/GitHub/fantazy/2D Games/2D Games/Assets
GfxDevice: creating device client; kGfxThreadingModeNonThreaded
Direct3D:
    Version:  Direct3D 11.0 [level 11.0]
    Renderer: NVIDIA GeForce 615 (ID=0xdea)
    Vendor:   NVIDIA
    VRAM:     1989 MB
    Driver:   23.21.13.9135
Shader Hidden/ProbeVolume/VoxelizeScene is not supported: GPU does not support conservative rasterization
Initialize mono
Mono path[0] = 'C:/Program Files/Unity/Hub/Editor/6000.0.26f1/Editor/Data/Managed'
Mono path[1] = 'C:/Program Files/Unity/Hub/Editor/6000.0.26f1/Editor/Data/MonoBleedingEdge/lib/mono/unityjit-win32'
Mono config path = 'C:/Program Files/Unity/Hub/Editor/6000.0.26f1/Editor/Data/MonoBleedingEdge/etc'
Using monoOptions --debugger-agent=transport=dt_socket,embedding=1,server=y,suspend=n,address=127.0.0.1:56084
Begin MonoManager ReloadAssembly
Registering precompiled unity dll's ...
Register platform support module: C:/Program Files/Unity/Hub/Editor/6000.0.26f1/Editor/Data/PlaybackEngines/WindowsStandaloneSupport/UnityEditor.WindowsStandalone.Extensions.dll
Registered in 0.017423 seconds.
- Loaded All Assemblies, in  4.709 seconds
Native extension for WindowsStandalone target not found
Mono: successfully reloaded assembly
- Finished resetting the current domain, in  1.546 seconds
Domain Reload Profiling: 6234ms
	BeginReloadAssembly (2386ms)
		ExecutionOrderSort (0ms)
		DisableScriptedObjects (0ms)
		BackupInstance (0ms)
		ReleaseScriptingObjects (0ms)
		CreateAndSetChildDomain (2ms)
	RebuildCommonClasses (368ms)
	RebuildNativeTypeToScriptingClass (68ms)
	initialDomainReloadingComplete (1368ms)
	LoadAllAssembliesAndSetupDomain (498ms)
		LoadAssemblies (2305ms)
		RebuildTransferFunctionScriptingTraits (0ms)
		AnalyzeDomain (488ms)
			TypeCache.Refresh (485ms)
				TypeCache.ScanAssembly (442ms)
			BuildScriptInfoCaches (0ms)
			ResolveRequiredComponents (2ms)
	FinalizeReload (1546ms)
		ReleaseScriptCaches (0ms)
		RebuildScriptCaches (0ms)
		SetupLoadedEditorAssemblies (1360ms)
			LogAssemblyErrors (0ms)
			InitializePlatformSupportModulesInManaged (81ms)
			SetLoadedEditorAssemblies (12ms)
			BeforeProcessingInitializeOnLoad (15ms)
			ProcessInitializeOnLoadAttributes (783ms)
			ProcessInitializeOnLoadMethodAttributes (458ms)
			AfterProcessingInitializeOnLoad (10ms)
			EditorAssembliesLoaded (0ms)
		ExecutionOrderSort2 (0ms)
		AwakeInstancesAfterBackupRestoration (0ms)
========================================================================
Worker process is ready to serve import requests
Import Worker Mode flag is 0x00
Begin MonoManager ReloadAssembly
TypeRef ResolutionScope not yet handled (234) for .IMergeView in image C:\Users\hanin.denis\Documents\GitHub\fantazy\2D Games\2D Games\Library\ScriptAssemblies\Unity.PlasticSCM.Editor.dll
Path could not be found for script compilation file '/Library/PackageCache/com.unity.collab-proxy/Editor/PlasticSCM/ApplicationDataPath.cs'
Path could not be found for script compilation file '/Library/PackageCache/com.unity.collab-proxy/Editor/PlasticSCM/AssetMenu/AssetFilesFilterPatternsMenuBuilder.cs'
Path could not be found for script compilation file '/Library/PackageCache/com.unity.collab-proxy/Editor/PlasticSCM/AssetMenu/AssetMenuItems.cs'
Path could not be found for script compilation file '/Library/PackageCache/com.unity.collab-proxy/Editor/PlasticSCM/AssetMenu/AssetMenuOperations.cs'
Path could not be found for script compilation file '/Library/PackageCache/com.unity.collab-proxy/Editor/PlasticSCM/AssetMenu/AssetOperations.cs'
Path could not be found for script compilation file '/Library/PackageCache/com.unity.collab-proxy/Editor/PlasticSCM/AssetMenu/AssetsSelection.cs'
Path could not be found for script compilation file '/Library/PackageCache/com.unity.collab-proxy/Editor/PlasticSCM/AssetMenu/Dialogs/CheckinDialog.cs'
Path could not be found for script compilation file '/Library/PackageCache/com.unity.collab-proxy/Editor/PlasticSCM/AssetMenu/Dialogs/CheckinDialogOperations.cs'
Path could not be found for script compilation file '/Library/PackageCache/com.unity.collab-proxy/Editor/PlasticSCM/AssetMenu/ProjectViewAssetSelection.cs'
Path could not be found for script compilation file '/Library/PackageCache/com.unity.collab-proxy/Editor/PlasticSCM/AssetOverlays/AssetStatus.cs'
Path could not be found for script compilation file '/Library/PackageCache/com.unity.collab-proxy/Editor/PlasticSCM/AssetOverlays/Cache/AssetStatusCache.cs'
Path could not be found for script compilation file '/Library/PackageCache/com.unity.collab-proxy/Editor/PlasticSCM/AssetOverlays/Cache/BuildPathDictionary.cs'
Path could not be found for script compilation file '/Library/PackageCache/com.unity.collab-proxy/Editor/PlasticSCM/AssetOverlays/Cache/LocalStatusCache.cs'
Path could not be found for script compilation file '/Library/PackageCache/com.unity.collab-proxy/Editor/PlasticSCM/AssetOverlays/Cache/LockStatusCache.cs'
Path could not be found for script compilation file '/Library/PackageCache/com.unity.collab-proxy/Editor/PlasticSCM/AssetOverlays/Cache/RemoteStatusCache.cs'
Path could not be found for script compilation file '/Library/PackageCache/com.unity.collab-proxy/Editor/PlasticSCM/AssetOverlays/DrawAssetOverlay.cs'
Path could not be found for script compilation file '/Library/PackageCache/com.unity.collab-proxy/Editor/PlasticSCM/AssetsUtils/AssetsPath.cs'
Path could not be found for script compilation file '/Library/PackageCache/com.unity.collab-proxy/Editor/PlasticSCM/AssetsUtils/GetSelectedPaths.cs'
Path could not be found for script compilation file '/Library/PackageCache/com.unity.collab-proxy/Editor/PlasticSCM/AssetsUtils/LoadAsset.cs'
Path could not be found for script compilation file '/Library/PackageCache/com.unity.collab-proxy/Editor/PlasticSCM/AssetsUtils/Processor/AssetModificationProcessor.cs'
Path could not be found for script compilation file '/Library/PackageCache/com.unity.collab-proxy/Editor/PlasticSCM/AssetsUtils/Processor/AssetPostprocessor.cs'
Path could not be found for script compilation file '/Library/PackageCache/com.unity.collab-proxy/Editor/PlasticSCM/AssetsUtils/Processor/AssetsProcessor.cs'
Path could not be found for script compilation file '/Library/PackageCache/com.unity.collab-proxy/Editor/PlasticSCM/AssetsUtils/Processor/PlasticAssetsProcessor.cs'
Path could not be found for script compilation file '/Library/PackageCache/com.unity.collab-proxy/Editor/PlasticSCM/AssetsUtils/Processor/WorkspaceOperationsMonitor.cs'
Path could not be found for script compilation file '/Library/PackageCache/com.unity.collab-proxy/Editor/PlasticSCM/AssetsUtils/ProjectPath.cs'
Path could not be found for script compilation file '/Library/PackageCache/com.unity.collab-proxy/Editor/PlasticSCM/AssetsUtils/RefreshAsset.cs'
Path could not be found for script compilation file '/Library/PackageCache/com.unity.collab-proxy/Editor/PlasticSCM/AssetsUtils/RepaintInspector.cs'
Path could not be found for script compilation file '/Library/PackageCache/com.unity.collab-proxy/Editor/PlasticSCM/AssetsUtils/SaveAssets.cs'
Path could not be found for script compilation file '/Library/PackageCache/com.unity.collab-proxy/Editor/PlasticSCM/AutoRefresh.cs'
Path could not be found for script compilation file '/Library/PackageCache/com.unity.collab-proxy/Editor/PlasticSCM/BuildGetEventExtraInfoFunction.cs'
Path could not be found for script compilation file '/Library/PackageCache/com.unity.collab-proxy/Editor/PlasticSCM/CheckWorkspaceTreeNodeStatus.cs'
Path could not be found for script compilation file '/Library/PackageCache/com.unity.collab-proxy/Editor/PlasticSCM/CollabMigration/CloudProjectId.cs'
Path could not be found for script compilation file '/Library/PackageCache/com.unity.collab-proxy/Editor/PlasticSCM/CollabMigration/MigrateCollabProject.cs'
Path could not be found for script compilation file '/Library/PackageCache/com.unity.collab-proxy/Editor/PlasticSCM/CollabMigration/MigrationDialog.cs'
Path could not be found for script compilation file '/Library/PackageCache/com.unity.collab-proxy/Editor/PlasticSCM/CollabMigration/MigrationProgressRender.cs'
Path could not be found for script compilation file '/Library/PackageCache/com.unity.collab-proxy/Editor/PlasticSCM/CollabPlugin.cs'
Path could not be found for script compilation file '/Library/PackageCache/com.unity.collab-proxy/Editor/PlasticSCM/Configuration/AutoConfig.cs'
Path could not be found for script compilation file '/Library/PackageCache/com.unity.collab-proxy/Editor/PlasticSCM/Configuration/ChannelCertificateUiImpl.cs'
Path could not be found for script compilation file '/Library/PackageCache/com.unity.collab-proxy/Editor/PlasticSCM/Configuration/CloudEdition/Welcome/AutoLogin.cs'
Path could not be found for script compilation file '/Library/PackageCache/com.unity.collab-proxy/Editor/PlasticSCM/Configuration/CloudEdition/Welcome/CloudEditionWelcomeWindow.cs'
Path could not be found for script compilation file '/Library/PackageCache/com.unity.collab-proxy/Editor/PlasticSCM/Configuration/CloudEdition/Welcome/OrganizationPanel.cs'
Path could not be found for script compilation file '/Library/PackageCache/com.unity.collab-proxy/Editor/PlasticSCM/Configuration/CloudEdition/Welcome/SignInPanel.cs'
Path could not be found for script compilation file '/Library/PackageCache/com.unity.collab-proxy/Editor/PlasticSCM/Configuration/CloudEdition/Welcome/SignInWithEmailPanel.cs'
Path could not be found for script compilation file '/Library/PackageCache/com.unity.collab-proxy/Editor/PlasticSCM/Configuration/CloudEdition/Welcome/WaitingSignInPanel.cs'
Path could not be found for script compilation file '/Library/PackageCache/com.unity.collab-proxy/Editor/PlasticSCM/Configuration/ConfigurePartialWorkspace.cs'
Path could not be found for script compilation file '/Library/PackageCache/com.unity.collab-proxy/Editor/PlasticSCM/Configuration/CredentialsDialog.cs'
Path could not be found for script compilation file '/Library/PackageCache/com.unity.collab-proxy/Editor/PlasticSCM/Configuration/CredentialsUIImpl.cs'
Path could not be found for script compilation file '/Library/PackageCache/com.unity.collab-proxy/Editor/PlasticSCM/Configuration/EncryptionConfigurationDialog.cs'
Path could not be found for script compilation file '/Library/PackageCache/com.unity.collab-proxy/Editor/PlasticSCM/Configuration/MissingEncryptionPasswordPromptHandler.cs'
Path could not be found for script compilation file '/Library/PackageCache/com.unity.collab-proxy/Editor/PlasticSCM/Configuration/SSOCredentialsDialog.cs'
Path could not be found for script compilation file '/Library/PackageCache/com.unity.collab-proxy/Editor/PlasticSCM/Configuration/TeamEdition/TeamEditionConfigurationWindow.cs'
Path could not be found for script compilation file '/Library/PackageCache/com.unity.collab-proxy/Editor/PlasticSCM/Configuration/ToolConfig.cs'
Path could not be found for script compilation file '/Library/PackageCache/com.unity.collab-proxy/Editor/PlasticSCM/Configuration/WriteLogConfiguration.cs'
Path could not be found for script compilation file '/Library/PackageCache/com.unity.collab-proxy/Editor/PlasticSCM/Developer/CheckinProgress.cs'
Path could not be found for script compilation file '/Library/PackageCache/com.unity.collab-proxy/Editor/PlasticSCM/Developer/GenericProgress.cs'
Path could not be found for script compilation file '/Library/PackageCache/com.unity.collab-proxy/Editor/PlasticSCM/Developer/IncomingChangesNotifier.cs'
Path could not be found for script compilation file '/Library/PackageCache/com.unity.collab-proxy/Editor/PlasticSCM/Developer/ProgressOperationHandler.cs'
Path could not be found for script compilation file '/Library/PackageCache/com.unity.collab-proxy/Editor/PlasticSCM/Developer/UpdateProgress.cs'
Path could not be found for script compilation file '/Library/PackageCache/com.unity.collab-proxy/Editor/PlasticSCM/Developer/UpdateReport/UpdateReportDialog.cs'
Path could not be found for script compilation file '/Library/PackageCache/com.unity.collab-proxy/Editor/PlasticSCM/Developer/UpdateReport/UpdateReportLineListViewItem.cs'
Path could not be found for script compilation file '/Library/PackageCache/com.unity.collab-proxy/Editor/PlasticSCM/Developer/UpdateReport/UpdateReportListHeaderState.cs'
Path could not be found for script compilation file '/Library/PackageCache/com.unity.collab-proxy/Editor/PlasticSCM/Developer/UpdateReport/UpdateReportListView.cs'
Path could not be found for script compilation file '/Library/PackageCache/com.unity.collab-proxy/Editor/PlasticSCM/DrawGuiModeSwitcher.cs'
Path could not be found for script compilation file '/Library/PackageCache/com.unity.collab-proxy/Editor/PlasticSCM/EnumExtensions.cs'
Path could not be found for script compilation file '/Library/PackageCache/com.unity.collab-proxy/Editor/PlasticSCM/FindWorkspace.cs'
Path could not be found for script compilation file '/Library/PackageCache/com.unity.collab-proxy/Editor/PlasticSCM/GetRelativePath.cs'
Path could not be found for script compilation file '/Library/PackageCache/com.unity.collab-proxy/Editor/PlasticSCM/Gluon/CheckinProgress.cs'
Path could not be found for script compilation file '/Library/PackageCache/com.unity.collab-proxy/Editor/PlasticSCM/Gluon/IncomingChangesNotifier.cs'
Path could not be found for script compilation file '/Library/PackageCache/com.unity.collab-proxy/Editor/PlasticSCM/Gluon/ProgressOperationHandler.cs'
Path could not be found for script compilation file '/Library/PackageCache/com.unity.collab-proxy/Editor/PlasticSCM/Gluon/UpdateProgress.cs'
Path could not be found for script compilation file '/Library/PackageCache/com.unity.collab-proxy/Editor/PlasticSCM/Gluon/UpdateReport/ErrorListViewItem.cs'
Path could not be found for script compilation file '/Library/PackageCache/com.unity.collab-proxy/Editor/PlasticSCM/Gluon/UpdateReport/UpdateReportDialog.cs'
Path could not be found for script compilation file '/Library/PackageCache/com.unity.collab-proxy/Editor/PlasticSCM/Gluon/UpdateReport/UpdateReportListHeaderState.cs'
Path could not be found for script compilation file '/Library/PackageCache/com.unity.collab-proxy/Editor/PlasticSCM/Gluon/UpdateReport/UpdateReportListView.cs'
Path could not be found for script compilation file '/Library/PackageCache/com.unity.collab-proxy/Editor/PlasticSCM/Help/BuildFormattedHelp.cs'
Path could not be found for script compilation file '/Library/PackageCache/com.unity.collab-proxy/Editor/PlasticSCM/Help/DrawHelpPanel.cs'
Path could not be found for script compilation file '/Library/PackageCache/com.unity.collab-proxy/Editor/PlasticSCM/Help/ExternalLink.cs'
Path could not be found for script compilation file '/Library/PackageCache/com.unity.collab-proxy/Editor/PlasticSCM/Help/HelpData.cs'
Path could not be found for script compilation file '/Library/PackageCache/com.unity.collab-proxy/Editor/PlasticSCM/Help/HelpFormat.cs'
Path could not be found for script compilation file '/Library/PackageCache/com.unity.collab-proxy/Editor/PlasticSCM/Help/HelpLink.cs'
Path could not be found for script compilation file '/Library/PackageCache/com.unity.collab-proxy/Editor/PlasticSCM/Help/HelpLinkData.cs'
Path could not be found for script compilation file '/Library/PackageCache/com.unity.collab-proxy/Editor/PlasticSCM/Help/HelpPanel.cs'
Path could not be found for script compilation file '/Library/PackageCache/com.unity.collab-proxy/Editor/PlasticSCM/Help/TestingHelpData.cs'
Path could not be found for script compilation file '/Library/PackageCache/com.unity.collab-proxy/Editor/PlasticSCM/Hub/CommandLineArguments.cs'
Path could not be found for script compilation file '/Library/PackageCache/com.unity.collab-proxy/Editor/PlasticSCM/Hub/Operations/CreateWorkspace.cs'
Path could not be found for script compilation file '/Library/PackageCache/com.unity.collab-proxy/Editor/PlasticSCM/Hub/Operations/DownloadRepository.cs'
Path could not be found for script compilation file '/Library/PackageCache/com.unity.collab-proxy/Editor/PlasticSCM/Hub/Operations/OperationParams.cs'
Path could not be found for script compilation file '/Library/PackageCache/com.unity.collab-proxy/Editor/PlasticSCM/Hub/ParseArguments.cs'
Path could not be found for script compilation file '/Library/PackageCache/com.unity.collab-proxy/Editor/PlasticSCM/Hub/ProcessCommand.cs'
Path could not be found for script compilation file '/Library/PackageCache/com.unity.collab-proxy/Editor/PlasticSCM/Inspector/DrawInspectorOperations.cs'
Path could not be found for script compilation file '/Library/PackageCache/com.unity.collab-proxy/Editor/PlasticSCM/Inspector/InspectorAssetSelection.cs'
Path could not be found for script compilation file '/Library/PackageCache/com.unity.collab-proxy/Editor/PlasticSCM/MetaPath.cs'
Path could not be found for script compilation file '/Library/PackageCache/com.unity.collab-proxy/Editor/PlasticSCM/NewIncomingChanges.cs'
Path could not be found for script compilation file '/Library/PackageCache/com.unity.collab-proxy/Editor/PlasticSCM/OrganizationsInformation.cs'
Path could not be found for script compilation file '/Library/PackageCache/com.unity.collab-proxy/Editor/PlasticSCM/ParentWindow.cs'
Path could not be found for script compilation file '/Library/PackageCache/com.unity.collab-proxy/Editor/PlasticSCM/PlasticApp.cs'
Path could not be found for script compilation file '/Library/PackageCache/com.unity.collab-proxy/Editor/PlasticSCM/PlasticConnectionMonitor.cs'
Path could not be found for script compilation file '/Library/PackageCache/com.unity.collab-proxy/Editor/PlasticSCM/PlasticMenuItem.cs'
Path could not be found for script compilation file '/Library/PackageCache/com.unity.collab-proxy/Editor/PlasticSCM/PlasticNotification.cs'
Path could not be found for script compilation file '/Library/PackageCache/com.unity.collab-proxy/Editor/PlasticSCM/PlasticPlugin.cs'
Path could not be found for script compilation file '/Library/PackageCache/com.unity.collab-proxy/Editor/PlasticSCM/PlasticPluginIsEnabledPreference.cs'
Path could not be found for script compilation file '/Library/PackageCache/com.unity.collab-proxy/Editor/PlasticSCM/PlasticProjectSettingsProvider.cs'
Path could not be found for script compilation file '/Library/PackageCache/com.unity.collab-proxy/Editor/PlasticSCM/PlasticShutdown.cs'
Path could not be found for script compilation file '/Library/PackageCache/com.unity.collab-proxy/Editor/PlasticSCM/PlasticWindow.cs'
Path could not be found for script compilation file '/Library/PackageCache/com.unity.collab-proxy/Editor/PlasticSCM/ProjectWindow.cs'
Path could not be found for script compilation file '/Library/PackageCache/com.unity.collab-proxy/Editor/PlasticSCM/QueryVisualElementsExtensions.cs'
Path could not be found for script compilation file '/Library/PackageCache/com.unity.collab-proxy/Editor/PlasticSCM/SceneView/DrawSceneOperations.cs'
Path could not be found for script compilation file '/Library/PackageCache/com.unity.collab-proxy/Editor/PlasticSCM/SwitchModeConfirmationDialog.cs'
Path could not be found for script compilation file '/Library/PackageCache/com.unity.collab-proxy/Editor/PlasticSCM/Tool/AuthToken.cs'
Path could not be found for script compilation file '/Library/PackageCache/com.unity.collab-proxy/Editor/PlasticSCM/Tool/BringWindowToFront.cs'
Path could not be found for script compilation file '/Library/PackageCache/com.unity.collab-proxy/Editor/PlasticSCM/Tool/FindTool.cs'
Path could not be found for script compilation file '/Library/PackageCache/com.unity.collab-proxy/Editor/PlasticSCM/Tool/IsExeAvailable.cs'
Path could not be found for script compilation file '/Library/PackageCache/com.unity.collab-proxy/Editor/PlasticSCM/Tool/LaunchInstaller.cs'
Path could not be found for script compilation file '/Library/PackageCache/com.unity.collab-proxy/Editor/PlasticSCM/Tool/LaunchTool.cs'
Path could not be found for script compilation file '/Library/PackageCache/com.unity.collab-proxy/Editor/PlasticSCM/Tool/ToolConstants.cs'
Path could not be found for script compilation file '/Library/PackageCache/com.unity.collab-proxy/Editor/PlasticSCM/UI/Avatar/ApplyCircleMask.cs'
Path could not be found for script compilation file '/Library/PackageCache/com.unity.collab-proxy/Editor/PlasticSCM/UI/Avatar/AvatarImages.cs'
Path could not be found for script compilation file '/Library/PackageCache/com.unity.collab-proxy/Editor/PlasticSCM/UI/Avatar/GetAvatar.cs'
Path could not be found for script compilation file '/Library/PackageCache/com.unity.collab-proxy/Editor/PlasticSCM/UI/BoolSetting.cs'
Path could not be found for script compilation file '/Library/PackageCache/com.unity.collab-proxy/Editor/PlasticSCM/UI/CloseWindowIfOpened.cs'
Path could not be found for script compilation file '/Library/PackageCache/com.unity.collab-proxy/Editor/PlasticSCM/UI/CooldownWindowDelayer.cs'
Path could not be found for script compilation file '/Library/PackageCache/com.unity.collab-proxy/Editor/PlasticSCM/UI/DockEditorWindow.cs'
Path could not be found for script compilation file '/Library/PackageCache/com.unity.collab-proxy/Editor/PlasticSCM/UI/DrawActionButton.cs'
Path could not be found for script compilation file '/Library/PackageCache/com.unity.collab-proxy/Editor/PlasticSCM/UI/DrawActionButtonWithMenu.cs'
Path could not be found for script compilation file '/Library/PackageCache/com.unity.collab-proxy/Editor/PlasticSCM/UI/DrawActionHelpBox.cs'
Path could not be found for script compilation file '/Library/PackageCache/com.unity.collab-proxy/Editor/PlasticSCM/UI/DrawActionToolbar.cs'
Path could not be found for script compilation file '/Library/PackageCache/com.unity.collab-proxy/Editor/PlasticSCM/UI/DrawSearchField.cs'
Path could not be found for script compilation file '/Library/PackageCache/com.unity.collab-proxy/Editor/PlasticSCM/UI/DrawSplitter.cs'
Path could not be found for script compilation file '/Library/PackageCache/com.unity.collab-proxy/Editor/PlasticSCM/UI/DrawTextBlockWithEndLink.cs'
Path could not be found for script compilation file '/Library/PackageCache/com.unity.collab-proxy/Editor/PlasticSCM/UI/DrawUserIcon.cs'
Path could not be found for script compilation file '/Library/PackageCache/com.unity.collab-proxy/Editor/PlasticSCM/UI/DropDownTextField.cs'
Path could not be found for script compilation file '/Library/PackageCache/com.unity.collab-proxy/Editor/PlasticSCM/UI/EditorDispatcher.cs'
Path could not be found for script compilation file '/Library/PackageCache/com.unity.collab-proxy/Editor/PlasticSCM/UI/EditorProgressBar.cs'
Path could not be found for script compilation file '/Library/PackageCache/com.unity.collab-proxy/Editor/PlasticSCM/UI/EditorProgressControls.cs'
Path could not be found for script compilation file '/Library/PackageCache/com.unity.collab-proxy/Editor/PlasticSCM/UI/EditorVersion.cs'
Path could not be found for script compilation file '/Library/PackageCache/com.unity.collab-proxy/Editor/PlasticSCM/UI/EditorWindowFocus.cs'
Path could not be found for script compilation file '/Library/PackageCache/com.unity.collab-proxy/Editor/PlasticSCM/UI/EnumPopupSetting.cs'
Path could not be found for script compilation file '/Library/PackageCache/com.unity.collab-proxy/Editor/PlasticSCM/UI/FindEditorWindow.cs'
Path could not be found for script compilation file '/Library/PackageCache/com.unity.collab-proxy/Editor/PlasticSCM/UI/GetPlasticShortcut.cs'
Path could not be found for script compilation file '/Library/PackageCache/com.unity.collab-proxy/Editor/PlasticSCM/UI/GUIActionRunner.cs'
Path could not be found for script compilation file '/Library/PackageCache/com.unity.collab-proxy/Editor/PlasticSCM/UI/GuiEnabled.cs'
Path could not be found for script compilation file '/Library/PackageCache/com.unity.collab-proxy/Editor/PlasticSCM/UI/HandleMenuItem.cs'
Path could not be found for script compilation file '/Library/PackageCache/com.unity.collab-proxy/Editor/PlasticSCM/UI/Images.cs'
Path could not be found for script compilation file '/Library/PackageCache/com.unity.collab-proxy/Editor/PlasticSCM/UI/MeasureMaxWidth.cs'
Path could not be found for script compilation file '/Library/PackageCache/com.unity.collab-proxy/Editor/PlasticSCM/UI/OverlayRect.cs'
Path could not be found for script compilation file '/Library/PackageCache/com.unity.collab-proxy/Editor/PlasticSCM/UI/PlasticDialog.cs'
Path could not be found for script compilation file '/Library/PackageCache/com.unity.collab-proxy/Editor/PlasticSCM/UI/PlasticSplitterGUILayout.cs'
Path could not be found for script compilation file '/Library/PackageCache/com.unity.collab-proxy/Editor/PlasticSCM/UI/Progress/DrawProgressForDialogs.cs'
Path could not be found for script compilation file '/Library/PackageCache/com.unity.collab-proxy/Editor/PlasticSCM/UI/Progress/DrawProgressForMigration.cs'
Path could not be found for script compilation file '/Library/PackageCache/com.unity.collab-proxy/Editor/PlasticSCM/UI/Progress/DrawProgressForOperations.cs'
Path could not be found for script compilation file '/Library/PackageCache/com.unity.collab-proxy/Editor/PlasticSCM/UI/Progress/DrawProgressForViews.cs'
Path could not be found for script compilation file '/Library/PackageCache/com.unity.collab-proxy/Editor/PlasticSCM/UI/Progress/OperationProgressData.cs'
Path could not be found for script compilation file '/Library/PackageCache/com.unity.collab-proxy/Editor/PlasticSCM/UI/Progress/ProgressControlsForDialogs.cs'
Path could not be found for script compilation file '/Library/PackageCache/com.unity.collab-proxy/Editor/PlasticSCM/UI/Progress/ProgressControlsForMigration.cs'
Path could not be found for script compilation file '/Library/PackageCache/com.unity.collab-proxy/Editor/PlasticSCM/UI/Progress/ProgressControlsForViews.cs'
Path could not be found for script compilation file '/Library/PackageCache/com.unity.collab-proxy/Editor/PlasticSCM/UI/RunModal.cs'
Path could not be found for script compilation file '/Library/PackageCache/com.unity.collab-proxy/Editor/PlasticSCM/UI/ScreenResolution.cs'
Path could not be found for script compilation file '/Library/PackageCache/com.unity.collab-proxy/Editor/PlasticSCM/UI/ShowWindow.cs'
Path could not be found for script compilation file '/Library/PackageCache/com.unity.collab-proxy/Editor/PlasticSCM/UI/SortOrderComparer.cs'
Path could not be found for script compilation file '/Library/PackageCache/com.unity.collab-proxy/Editor/PlasticSCM/UI/StatusBar/IncomingChangesNotification.cs'
Path could not be found for script compilation file '/Library/PackageCache/com.unity.collab-proxy/Editor/PlasticSCM/UI/StatusBar/NotificationBar.cs'
Path could not be found for script compilation file '/Library/PackageCache/com.unity.collab-proxy/Editor/PlasticSCM/UI/StatusBar/StatusBar.cs'
Path could not be found for script compilation file '/Library/PackageCache/com.unity.collab-proxy/Editor/PlasticSCM/UI/TabButton.cs'
Path could not be found for script compilation file '/Library/PackageCache/com.unity.collab-proxy/Editor/PlasticSCM/UI/Tree/DrawTreeViewEmptyState.cs'
Path could not be found for script compilation file '/Library/PackageCache/com.unity.collab-proxy/Editor/PlasticSCM/UI/Tree/DrawTreeViewItem.cs'
Path could not be found for script compilation file '/Library/PackageCache/com.unity.collab-proxy/Editor/PlasticSCM/UI/Tree/GetChangesOverlayIcon.cs'
Path could not be found for script compilation file '/Library/PackageCache/com.unity.collab-proxy/Editor/PlasticSCM/UI/Tree/ListViewItemIds.cs'
Path could not be found for script compilation file '/Library/PackageCache/com.unity.collab-proxy/Editor/PlasticSCM/UI/Tree/TableViewOperations.cs'
Path could not be found for script compilation file '/Library/PackageCache/com.unity.collab-proxy/Editor/PlasticSCM/UI/Tree/TreeHeaderColumns.cs'
Path could not be found for script compilation file '/Library/PackageCache/com.unity.collab-proxy/Editor/PlasticSCM/UI/Tree/TreeHeaderSettings.cs'
Path could not be found for script compilation file '/Library/PackageCache/com.unity.collab-proxy/Editor/PlasticSCM/UI/Tree/TreeViewItemIds.cs'
Path could not be found for script compilation file '/Library/PackageCache/com.unity.collab-proxy/Editor/PlasticSCM/UI/UIElements/LoadingSpinner.cs'
Path could not be found for script compilation file '/Library/PackageCache/com.unity.collab-proxy/Editor/PlasticSCM/UI/UIElements/ProgressControlsForDialogs.cs'
Path could not be found for script compilation file '/Library/PackageCache/com.unity.collab-proxy/Editor/PlasticSCM/UI/UIElements/UIElementsExtensions.cs'
Path could not be found for script compilation file '/Library/PackageCache/com.unity.collab-proxy/Editor/PlasticSCM/UI/UnityConstants.cs'
Path could not be found for script compilation file '/Library/PackageCache/com.unity.collab-proxy/Editor/PlasticSCM/UI/UnityEvents.cs'
Path could not be found for script compilation file '/Library/PackageCache/com.unity.collab-proxy/Editor/PlasticSCM/UI/UnityMenuItem.cs'
Path could not be found for script compilation file '/Library/PackageCache/com.unity.collab-proxy/Editor/PlasticSCM/UI/UnityPlasticGuiMessage.cs'
Path could not be found for script compilation file '/Library/PackageCache/com.unity.collab-proxy/Editor/PlasticSCM/UI/UnityPlasticTimer.cs'
Path could not be found for script compilation file '/Library/PackageCache/com.unity.collab-proxy/Editor/PlasticSCM/UI/UnityStyles.cs'
Path could not be found for script compilation file '/Library/PackageCache/com.unity.collab-proxy/Editor/PlasticSCM/UI/UnityThreadWaiter.cs'
Path could not be found for script compilation file '/Library/PackageCache/com.unity.collab-proxy/Editor/PlasticSCM/UnityConfigurationChecker.cs'
Path could not be found for script compilation file '/Library/PackageCache/com.unity.collab-proxy/Editor/PlasticSCM/UVCPackageVersion.cs'
Path could not be found for script compilation file '/Library/PackageCache/com.unity.collab-proxy/Editor/PlasticSCM/VCSPlugin.cs'
Path could not be found for script compilation file '/Library/PackageCache/com.unity.collab-proxy/Editor/PlasticSCM/Views/Branch/BranchesListHeaderState.cs'
Path could not be found for script compilation file '/Library/PackageCache/com.unity.collab-proxy/Editor/PlasticSCM/Views/Branch/BranchesListView.cs'
Path could not be found for script compilation file '/Library/PackageCache/com.unity.collab-proxy/Editor/PlasticSCM/Views/Branch/BranchesSelection.cs'
Path could not be found for script compilation file '/Library/PackageCache/com.unity.collab-proxy/Editor/PlasticSCM/Views/Branch/BranchesTab.cs'
Path could not be found for script compilation file '/Library/PackageCache/com.unity.collab-proxy/Editor/PlasticSCM/Views/Branch/BranchesViewMenu.cs'
Path could not be found for script compilation file '/Library/PackageCache/com.unity.collab-proxy/Editor/PlasticSCM/Views/Branch/BranchListViewItem.cs'
Path could not be found for script compilation file '/Library/PackageCache/com.unity.collab-proxy/Editor/PlasticSCM/Views/Branch/Dialogs/CreateBranchDialog.cs'
Path could not be found for script compilation file '/Library/PackageCache/com.unity.collab-proxy/Editor/PlasticSCM/Views/Branch/Dialogs/DeleteBranchDialog.cs'
Path could not be found for script compilation file '/Library/PackageCache/com.unity.collab-proxy/Editor/PlasticSCM/Views/Branch/Dialogs/RenameBranchDialog.cs'
Path could not be found for script compilation file '/Library/PackageCache/com.unity.collab-proxy/Editor/PlasticSCM/Views/Changesets/ChangesetListViewItem.cs'
Path could not be found for script compilation file '/Library/PackageCache/com.unity.collab-proxy/Editor/PlasticSCM/Views/Changesets/ChangesetsListHeaderState.cs'
Path could not be found for script compilation file '/Library/PackageCache/com.unity.collab-proxy/Editor/PlasticSCM/Views/Changesets/ChangesetsListView.cs'
Path could not be found for script compilation file '/Library/PackageCache/com.unity.collab-proxy/Editor/PlasticSCM/Views/Changesets/ChangesetsSelection.cs'
Path could not be found for script compilation file '/Library/PackageCache/com.unity.collab-proxy/Editor/PlasticSCM/Views/Changesets/ChangesetsTab.cs'
Path could not be found for script compilation file '/Library/PackageCache/com.unity.collab-proxy/Editor/PlasticSCM/Views/Changesets/ChangesetsTab_Operations.cs'
Path could not be found for script compilation file '/Library/PackageCache/com.unity.collab-proxy/Editor/PlasticSCM/Views/Changesets/ChangesetsViewMenu.cs'
Path could not be found for script compilation file '/Library/PackageCache/com.unity.collab-proxy/Editor/PlasticSCM/Views/Changesets/DateFilter.cs'
Path could not be found for script compilation file '/Library/PackageCache/com.unity.collab-proxy/Editor/PlasticSCM/Views/Changesets/LaunchDiffOperations.cs'
Path could not be found for script compilation file '/Library/PackageCache/com.unity.collab-proxy/Editor/PlasticSCM/Views/ConfirmContinueWithPendingChangesDialog.cs'
Path could not be found for script compilation file '/Library/PackageCache/com.unity.collab-proxy/Editor/PlasticSCM/Views/CreateWorkspace/CreateWorkspaceView.cs'
Path could not be found for script compilation file '/Library/PackageCache/com.unity.collab-proxy/Editor/PlasticSCM/Views/CreateWorkspace/CreateWorkspaceViewState.cs'
Path could not be found for script compilation file '/Library/PackageCache/com.unity.collab-proxy/Editor/PlasticSCM/Views/CreateWorkspace/Dialogs/CreateRepositoryDialog.cs'
Path could not be found for script compilation file '/Library/PackageCache/com.unity.collab-proxy/Editor/PlasticSCM/Views/CreateWorkspace/Dialogs/RepositoriesListHeaderState.cs'
Path could not be found for script compilation file '/Library/PackageCache/com.unity.collab-proxy/Editor/PlasticSCM/Views/CreateWorkspace/Dialogs/RepositoriesListView.cs'
Path could not be found for script compilation file '/Library/PackageCache/com.unity.collab-proxy/Editor/PlasticSCM/Views/CreateWorkspace/Dialogs/RepositoryExplorerDialog.cs'
Path could not be found for script compilation file '/Library/PackageCache/com.unity.collab-proxy/Editor/PlasticSCM/Views/CreateWorkspace/Dialogs/RepositoryListViewItem.cs'
Path could not be found for script compilation file '/Library/PackageCache/com.unity.collab-proxy/Editor/PlasticSCM/Views/CreateWorkspace/DrawCreateWorkspaceView.cs'
Path could not be found for script compilation file '/Library/PackageCache/com.unity.collab-proxy/Editor/PlasticSCM/Views/CreateWorkspace/PerformInitialCheckin.cs'
Path could not be found for script compilation file '/Library/PackageCache/com.unity.collab-proxy/Editor/PlasticSCM/Views/CreateWorkspace/ValidRepositoryName.cs'
Path could not be found for script compilation file '/Library/PackageCache/com.unity.collab-proxy/Editor/PlasticSCM/Views/Diff/ChangeCategoryTreeViewItem.cs'
Path could not be found for script compilation file '/Library/PackageCache/com.unity.collab-proxy/Editor/PlasticSCM/Views/Diff/ClientDiffTreeViewItem.cs'
Path could not be found for script compilation file '/Library/PackageCache/com.unity.collab-proxy/Editor/PlasticSCM/Views/Diff/Dialogs/GetRestorePathDialog.cs'
Path could not be found for script compilation file '/Library/PackageCache/com.unity.collab-proxy/Editor/PlasticSCM/Views/Diff/DiffPanel.cs'
Path could not be found for script compilation file '/Library/PackageCache/com.unity.collab-proxy/Editor/PlasticSCM/Views/Diff/DiffSelection.cs'
Path could not be found for script compilation file '/Library/PackageCache/com.unity.collab-proxy/Editor/PlasticSCM/Views/Diff/DiffTreeView.cs'
Path could not be found for script compilation file '/Library/PackageCache/com.unity.collab-proxy/Editor/PlasticSCM/Views/Diff/DiffTreeViewMenu.cs'
Path could not be found for script compilation file '/Library/PackageCache/com.unity.collab-proxy/Editor/PlasticSCM/Views/Diff/GetClientDiffInfos.cs'
Path could not be found for script compilation file '/Library/PackageCache/com.unity.collab-proxy/Editor/PlasticSCM/Views/Diff/MergeCategoryTreeViewItem.cs'
Path could not be found for script compilation file '/Library/PackageCache/com.unity.collab-proxy/Editor/PlasticSCM/Views/Diff/UnityDiffTree.cs'
Path could not be found for script compilation file '/Library/PackageCache/com.unity.collab-proxy/Editor/PlasticSCM/Views/DownloadPlasticExeDialog.cs'
Path could not be found for script compilation file '/Library/PackageCache/com.unity.collab-proxy/Editor/PlasticSCM/Views/FileSystemOperation.cs'
Path could not be found for script compilation file '/Library/PackageCache/com.unity.collab-proxy/Editor/PlasticSCM/Views/History/HistoryListHeaderState.cs'
Path could not be found for script compilation file '/Library/PackageCache/com.unity.collab-proxy/Editor/PlasticSCM/Views/History/HistoryListView.cs'
Path could not be found for script compilation file '/Library/PackageCache/com.unity.collab-proxy/Editor/PlasticSCM/Views/History/HistoryListViewItem.cs'
Path could not be found for script compilation file '/Library/PackageCache/com.unity.collab-proxy/Editor/PlasticSCM/Views/History/HistoryListViewMenu.cs'
Path could not be found for script compilation file '/Library/PackageCache/com.unity.collab-proxy/Editor/PlasticSCM/Views/History/HistorySelection.cs'
Path could not be found for script compilation file '/Library/PackageCache/com.unity.collab-proxy/Editor/PlasticSCM/Views/History/HistoryTab.cs'
Path could not be found for script compilation file '/Library/PackageCache/com.unity.collab-proxy/Editor/PlasticSCM/Views/History/SaveAction.cs'
Path could not be found for script compilation file '/Library/PackageCache/com.unity.collab-proxy/Editor/PlasticSCM/Views/IncomingChanges/Developer/ChangeCategoryTreeViewItem.cs'
Path could not be found for script compilation file '/Library/PackageCache/com.unity.collab-proxy/Editor/PlasticSCM/Views/IncomingChanges/Developer/ChangeTreeViewItem.cs'
Path could not be found for script compilation file '/Library/PackageCache/com.unity.collab-proxy/Editor/PlasticSCM/Views/IncomingChanges/Developer/DirectoryConflicts/ConflictResolutionState.cs'
Path could not be found for script compilation file '/Library/PackageCache/com.unity.collab-proxy/Editor/PlasticSCM/Views/IncomingChanges/Developer/DirectoryConflicts/DrawDirectoryResolutionPanel.cs'
Path could not be found for script compilation file '/Library/PackageCache/com.unity.collab-proxy/Editor/PlasticSCM/Views/IncomingChanges/Developer/IncomingChangesSelection.cs'
Path could not be found for script compilation file '/Library/PackageCache/com.unity.collab-proxy/Editor/PlasticSCM/Views/IncomingChanges/Developer/IncomingChangesTab.cs'
Path could not be found for script compilation file '/Library/PackageCache/com.unity.collab-proxy/Editor/PlasticSCM/Views/IncomingChanges/Developer/IncomingChangesTreeHeaderState.cs'
Path could not be found for script compilation file '/Library/PackageCache/com.unity.collab-proxy/Editor/PlasticSCM/Views/IncomingChanges/Developer/IncomingChangesTreeView.cs'
Path could not be found for script compilation file '/Library/PackageCache/com.unity.collab-proxy/Editor/PlasticSCM/Views/IncomingChanges/Developer/IncomingChangesViewMenu.cs'
Path could not be found for script compilation file '/Library/PackageCache/com.unity.collab-proxy/Editor/PlasticSCM/Views/IncomingChanges/Developer/IsCurrent.cs'
Path could not be found for script compilation file '/Library/PackageCache/com.unity.collab-proxy/Editor/PlasticSCM/Views/IncomingChanges/Developer/IsResolved.cs'
Path could not be found for script compilation file '/Library/PackageCache/com.unity.collab-proxy/Editor/PlasticSCM/Views/IncomingChanges/Developer/UnityIncomingChangesTree.cs'
Path could not be found for script compilation file '/Library/PackageCache/com.unity.collab-proxy/Editor/PlasticSCM/Views/IncomingChanges/DrawIncomingChangesOverview.cs'
Path could not be found for script compilation file '/Library/PackageCache/com.unity.collab-proxy/Editor/PlasticSCM/Views/IncomingChanges/Gluon/ChangeCategoryTreeViewItem.cs'
Path could not be found for script compilation file '/Library/PackageCache/com.unity.collab-proxy/Editor/PlasticSCM/Views/IncomingChanges/Gluon/ChangeTreeViewItem.cs'
Path could not be found for script compilation file '/Library/PackageCache/com.unity.collab-proxy/Editor/PlasticSCM/Views/IncomingChanges/Gluon/Errors/ErrorListViewItem.cs'
Path could not be found for script compilation file '/Library/PackageCache/com.unity.collab-proxy/Editor/PlasticSCM/Views/IncomingChanges/Gluon/Errors/ErrorsListHeaderState.cs'
Path could not be found for script compilation file '/Library/PackageCache/com.unity.collab-proxy/Editor/PlasticSCM/Views/IncomingChanges/Gluon/Errors/ErrorsListView.cs'
Path could not be found for script compilation file '/Library/PackageCache/com.unity.collab-proxy/Editor/PlasticSCM/Views/IncomingChanges/Gluon/IncomingChangesSelection.cs'
Path could not be found for script compilation file '/Library/PackageCache/com.unity.collab-proxy/Editor/PlasticSCM/Views/IncomingChanges/Gluon/IncomingChangesTab.cs'
Path could not be found for script compilation file '/Library/PackageCache/com.unity.collab-proxy/Editor/PlasticSCM/Views/IncomingChanges/Gluon/IncomingChangesTreeHeaderState.cs'
Path could not be found for script compilation file '/Library/PackageCache/com.unity.collab-proxy/Editor/PlasticSCM/Views/IncomingChanges/Gluon/IncomingChangesTreeView.cs'
Path could not be found for script compilation file '/Library/PackageCache/com.unity.collab-proxy/Editor/PlasticSCM/Views/IncomingChanges/Gluon/IncomingChangesViewMenu.cs'
Path could not be found for script compilation file '/Library/PackageCache/com.unity.collab-proxy/Editor/PlasticSCM/Views/IncomingChanges/Gluon/UnityIncomingChangesTree.cs'
Path could not be found for script compilation file '/Library/PackageCache/com.unity.collab-proxy/Editor/PlasticSCM/Views/IncomingChanges/IIncomingChangesTab.cs'
Path could not be found for script compilation file '/Library/PackageCache/com.unity.collab-proxy/Editor/PlasticSCM/Views/Locks/DrawLocksListViewItem.cs'
Path could not be found for script compilation file '/Library/PackageCache/com.unity.collab-proxy/Editor/PlasticSCM/Views/Locks/LocksListHeaderState.cs'
Path could not be found for script compilation file '/Library/PackageCache/com.unity.collab-proxy/Editor/PlasticSCM/Views/Locks/LocksListView.cs'
Path could not be found for script compilation file '/Library/PackageCache/com.unity.collab-proxy/Editor/PlasticSCM/Views/Locks/LocksListViewItem.cs'
Path could not be found for script compilation file '/Library/PackageCache/com.unity.collab-proxy/Editor/PlasticSCM/Views/Locks/LocksSelector.cs'
Path could not be found for script compilation file '/Library/PackageCache/com.unity.collab-proxy/Editor/PlasticSCM/Views/Locks/LocksTab.cs'
Path could not be found for script compilation file '/Library/PackageCache/com.unity.collab-proxy/Editor/PlasticSCM/Views/Locks/LocksViewMenu.cs'
Path could not be found for script compilation file '/Library/PackageCache/com.unity.collab-proxy/Editor/PlasticSCM/Views/PendingChanges/ChangeCategoryTreeViewItem.cs'
Path could not be found for script compilation file '/Library/PackageCache/com.unity.collab-proxy/Editor/PlasticSCM/Views/PendingChanges/Changelists/ChangelistMenu.cs'
Path could not be found for script compilation file '/Library/PackageCache/com.unity.collab-proxy/Editor/PlasticSCM/Views/PendingChanges/Changelists/MoveToChangelistMenuBuilder.cs'
Path could not be found for script compilation file '/Library/PackageCache/com.unity.collab-proxy/Editor/PlasticSCM/Views/PendingChanges/ChangelistTreeViewItem.cs'
Path could not be found for script compilation file '/Library/PackageCache/com.unity.collab-proxy/Editor/PlasticSCM/Views/PendingChanges/ChangeTreeViewItem.cs'
Path could not be found for script compilation file '/Library/PackageCache/com.unity.collab-proxy/Editor/PlasticSCM/Views/PendingChanges/Dialogs/CheckinConflictsDialog.cs'
Path could not be found for script compilation file '/Library/PackageCache/com.unity.collab-proxy/Editor/PlasticSCM/Views/PendingChanges/Dialogs/CreateChangelistDialog.cs'
Path could not be found for script compilation file '/Library/PackageCache/com.unity.collab-proxy/Editor/PlasticSCM/Views/PendingChanges/Dialogs/DependenciesDialog.cs'
Path could not be found for script compilation file '/Library/PackageCache/com.unity.collab-proxy/Editor/PlasticSCM/Views/PendingChanges/Dialogs/EmptyCheckinMessageDialog.cs'
Path could not be found for script compilation file '/Library/PackageCache/com.unity.collab-proxy/Editor/PlasticSCM/Views/PendingChanges/Dialogs/FilterRulesConfirmationDialog.cs'
Path could not be found for script compilation file '/Library/PackageCache/com.unity.collab-proxy/Editor/PlasticSCM/Views/PendingChanges/Dialogs/LaunchCheckinConflictsDialog.cs'
Path could not be found for script compilation file '/Library/PackageCache/com.unity.collab-proxy/Editor/PlasticSCM/Views/PendingChanges/Dialogs/LaunchDependenciesDialog.cs'
Path could not be found for script compilation file '/Library/PackageCache/com.unity.collab-proxy/Editor/PlasticSCM/Views/PendingChanges/DrawCommentTextArea.cs'
Path could not be found for script compilation file '/Library/PackageCache/com.unity.collab-proxy/Editor/PlasticSCM/Views/PendingChanges/FilesFilterPatternsMenuBuilder.cs'
Path could not be found for script compilation file '/Library/PackageCache/com.unity.collab-proxy/Editor/PlasticSCM/Views/PendingChanges/PendingChangesMultiColumnHeader.cs'
Path could not be found for script compilation file '/Library/PackageCache/com.unity.collab-proxy/Editor/PlasticSCM/Views/PendingChanges/PendingChangesSelection.cs'
Path could not be found for script compilation file '/Library/PackageCache/com.unity.collab-proxy/Editor/PlasticSCM/Views/PendingChanges/PendingChangesTab.cs'
Path could not be found for script compilation file '/Library/PackageCache/com.unity.collab-proxy/Editor/PlasticSCM/Views/PendingChanges/PendingChangesTab_Operations.cs'
Path could not be found for script compilation file '/Library/PackageCache/com.unity.collab-proxy/Editor/PlasticSCM/Views/PendingChanges/PendingChangesTreeHeaderState.cs'
Path could not be found for script compilation file '/Library/PackageCache/com.unity.collab-proxy/Editor/PlasticSCM/Views/PendingChanges/PendingChangesTreeView.cs'
Path could not be found for script compilation file '/Library/PackageCache/com.unity.collab-proxy/Editor/PlasticSCM/Views/PendingChanges/PendingChangesViewMenu.cs'
Path could not be found for script compilation file '/Library/PackageCache/com.unity.collab-proxy/Editor/PlasticSCM/Views/PendingChanges/PendingChangesViewPendingChangeMenu.cs'
Path could not be found for script compilation file '/Library/PackageCache/com.unity.collab-proxy/Editor/PlasticSCM/Views/PendingChanges/PendingMergeLinks/MergeLinkListViewItem.cs'
Path could not be found for script compilation file '/Library/PackageCache/com.unity.collab-proxy/Editor/PlasticSCM/Views/PendingChanges/PendingMergeLinks/MergeLinksListView.cs'
Path could not be found for script compilation file '/Library/PackageCache/com.unity.collab-proxy/Editor/PlasticSCM/Views/PendingChanges/UnityPendingChangesTree.cs'
Path could not be found for script compilation file '/Library/PackageCache/com.unity.collab-proxy/Editor/PlasticSCM/Views/Welcome/DownloadAndInstallOperation.cs'
Path could not be found for script compilation file '/Library/PackageCache/com.unity.collab-proxy/Editor/PlasticSCM/Views/Welcome/GetInstallerTmpFileName.cs'
Path could not be found for script compilation file '/Library/PackageCache/com.unity.collab-proxy/Editor/PlasticSCM/Views/Welcome/MacOSConfigWorkaround.cs'
Path could not be found for script compilation file '/Library/PackageCache/com.unity.collab-proxy/Editor/PlasticSCM/Views/Welcome/WelcomeView.cs'
Path could not be found for script compilation file '/Library/PackageCache/com.unity.collab-proxy/Editor/PlasticSCM/ViewSwitcher.cs'
Path could not be found for script compilation file '/Library/PackageCache/com.unity.collab-proxy/Editor/PlasticSCM/VisualElementExtensions.cs'
Path could not be found for script compilation file '/Library/PackageCache/com.unity.collab-proxy/Editor/PlasticSCM/WebApi/ChangesetFromCollabCommitResponse.cs'
Path could not be found for script compilation file '/Library/PackageCache/com.unity.collab-proxy/Editor/PlasticSCM/WebApi/CredentialsResponse.cs'
Path could not be found for script compilation file '/Library/PackageCache/com.unity.collab-proxy/Editor/PlasticSCM/WebApi/CurrentUserAdminCheckResponse.cs'
Path could not be found for script compilation file '/Library/PackageCache/com.unity.collab-proxy/Editor/PlasticSCM/WebApi/IsCollabProjectMigratedResponse.cs'
Path could not be found for script compilation file '/Library/PackageCache/com.unity.collab-proxy/Editor/PlasticSCM/WebApi/OrganizationCredentials.cs'
Path could not be found for script compilation file '/Library/PackageCache/com.unity.collab-proxy/Editor/PlasticSCM/WebApi/SubscriptionDetailsResponse.cs'
Path could not be found for script compilation file '/Library/PackageCache/com.unity.collab-proxy/Editor/PlasticSCM/WebApi/TokenExchangeResponse.cs'
Path could not be found for script compilation file '/Library/PackageCache/com.unity.collab-proxy/Editor/PlasticSCM/WebApi/WebRestApiClient.cs'
Path could not be found for script compilation file '/Library/PackageCache/com.unity.collab-proxy/Editor/PlasticSCM/WorkspaceWindow.cs'
Path could not be found for script compilation file '/Library/PackageCache/com.unity.collab-proxy/Editor/PlasticSCM/Toolbar/ToolbarButton.cs'
Unloading broken assembly Library/ScriptAssemblies/Unity.PlasticSCM.Editor.dll, this assembly can cause crashes in the runtime
- Loaded All Assemblies, in 23.802 seconds
Refreshing native plugins compatible for Editor in 13.20 ms, found 4 plugins.
Native extension for WindowsStandalone target not found
Mono: successfully reloaded assembly
- Finished resetting the current domain, in  4.131 seconds
Domain Reload Profiling: 27880ms
	BeginReloadAssembly (17901ms)
		ExecutionOrderSort (0ms)
		DisableScriptedObjects (39ms)
		BackupInstance (0ms)
		ReleaseScriptingObjects (0ms)
		CreateAndSetChildDomain (97ms)
	RebuildCommonClasses (149ms)
	RebuildNativeTypeToScriptingClass (132ms)
	initialDomainReloadingComplete (246ms)
	LoadAllAssembliesAndSetupDomain (5320ms)
		LoadAssemblies (13992ms)
		RebuildTransferFunctionScriptingTraits (0ms)
		AnalyzeDomain (2787ms)
			TypeCache.Refresh (1073ms)
				TypeCache.ScanAssembly (1000ms)
			BuildScriptInfoCaches (1500ms)
			ResolveRequiredComponents (202ms)
	FinalizeReload (4132ms)
		ReleaseScriptCaches (0ms)
		RebuildScriptCaches (0ms)
		SetupLoadedEditorAssemblies (2902ms)
			LogAssemblyErrors (0ms)
			InitializePlatformSupportModulesInManaged (12ms)
			SetLoadedEditorAssemblies (10ms)
			BeforeProcessingInitializeOnLoad (398ms)
			ProcessInitializeOnLoadAttributes (1981ms)
			ProcessInitializeOnLoadMethodAttributes (453ms)
			AfterProcessingInitializeOnLoad (47ms)
			EditorAssembliesLoaded (0ms)
		ExecutionOrderSort2 (0ms)
		AwakeInstancesAfterBackupRestoration (25ms)
Shader Hidden/ProbeVolume/VoxelizeScene is not supported: GPU does not support conservative rasterization
Launched and connected shader compiler UnityShaderCompiler.exe after 0.04 seconds
Refreshing native plugins compatible for Editor in 8.92 ms, found 4 plugins.
Preloading 0 native plugins for Editor in 0.00 ms.
Unloading 206 Unused Serialized files (Serialized files now loaded: 0)
Unloading 6523 unused Assets / (2.1 MB). Loaded Objects now: 7304.
Memory consumption went from 191.7 MB to 189.5 MB.
Total: 31.363700 ms (FindLiveObjects: 1.077600 ms CreateObjectMapping: 9.093500 ms MarkObjects: 16.422700 ms  DeleteObjects: 4.766600 ms)

========================================================================
Received Prepare
Begin MonoManager ReloadAssembly
- Loaded All Assemblies, in  3.088 seconds
Refreshing native plugins compatible for Editor in 35.30 ms, found 4 plugins.
Native extension for WindowsStandalone target not found
Mono: successfully reloaded assembly
- Finished resetting the current domain, in  9.168 seconds
Domain Reload Profiling: 12231ms
	BeginReloadAssembly (686ms)
		ExecutionOrderSort (0ms)
		DisableScriptedObjects (43ms)
		BackupInstance (0ms)
		ReleaseScriptingObjects (0ms)
		CreateAndSetChildDomain (131ms)
	RebuildCommonClasses (226ms)
	RebuildNativeTypeToScriptingClass (44ms)
	initialDomainReloadingComplete (107ms)
	LoadAllAssembliesAndSetupDomain (1999ms)
		LoadAssemblies (1563ms)
		RebuildTransferFunctionScriptingTraits (0ms)
		AnalyzeDomain (808ms)
			TypeCache.Refresh (376ms)
				TypeCache.ScanAssembly (349ms)
			BuildScriptInfoCaches (393ms)
			ResolveRequiredComponents (34ms)
	FinalizeReload (9169ms)
		ReleaseScriptCaches (0ms)
		RebuildScriptCaches (0ms)
		SetupLoadedEditorAssemblies (7060ms)
			LogAssemblyErrors (0ms)
			InitializePlatformSupportModulesInManaged (8ms)
			SetLoadedEditorAssemblies (13ms)
			BeforeProcessingInitializeOnLoad (953ms)
			ProcessInitializeOnLoadAttributes (5275ms)
			ProcessInitializeOnLoadMethodAttributes (613ms)
			AfterProcessingInitializeOnLoad (196ms)
			EditorAssembliesLoaded (2ms)
		ExecutionOrderSort2 (1ms)
		AwakeInstancesAfterBackupRestoration (46ms)
Shader Hidden/ProbeVolume/VoxelizeScene is not supported: GPU does not support conservative rasterization
Refreshing native plugins compatible for Editor in 13.59 ms, found 4 plugins.
Preloading 0 native plugins for Editor in 0.00 ms.
Unloading 13 Unused Serialized files (Serialized files now loaded: 0)
Unloading 6521 unused Assets / (3.8 MB). Loaded Objects now: 7307.
Memory consumption went from 160.8 MB to 156.9 MB.
Total: 25.575500 ms (FindLiveObjects: 1.189900 ms CreateObjectMapping: 1.399200 ms MarkObjects: 15.612700 ms  DeleteObjects: 7.371200 ms)

Prepare: number of updated asset objects reloaded= 0
========================================================================
Received Import Request.
  Time since last request: 195073.848243 seconds.
  path: Assets/InputSystem_Actions.inputactions
  artifactKey: Guid(2bcd2660ca9b64942af0de543d8d7100) Importer(815301076,1909f56bfc062723c751e8b465ee728b)
Start importing Assets/InputSystem_Actions.inputactions using Guid(2bcd2660ca9b64942af0de543d8d7100) Importer(815301076,1909f56bfc062723c751e8b465ee728b) (PreviewImporter) -> (artifact id: '1526cf67c1d1aaa9a72597cdbc7bb0b0') in 0.1349236 seconds
Number of updated asset objects reloaded before import = 0Number of asset objects unloaded after import = 19

========================================================================
Received Import Request.
  Time since last request: 0.000038 seconds.
  path: Assets/UniversalRenderPipelineGlobalSettings.asset
  artifactKey: Guid(93b439a37f63240aca3dd4e01d978a9f) Importer(815301076,1909f56bfc062723c751e8b465ee728b)
Start importing Assets/UniversalRenderPipelineGlobalSettings.asset using Guid(93b439a37f63240aca3dd4e01d978a9f) Importer(815301076,1909f56bfc062723c751e8b465ee728b) (PreviewImporter) -> (artifact id: 'a2dce915d45f31430f8bdd657da3ac60') in 0.0051157 seconds
Number of updated asset objects reloaded before import = 0Number of asset objects unloaded after import = 0

========================================================================
Received Import Request.
  Time since last request: 0.000048 seconds.
  path: Assets/DefaultVolumeProfile.asset
  artifactKey: Guid(3f9215ea0144899419cfbc0957140d3f) Importer(815301076,1909f56bfc062723c751e8b465ee728b)
Start importing Assets/DefaultVolumeProfile.asset using Guid(3f9215ea0144899419cfbc0957140d3f) Importer(815301076,1909f56bfc062723c751e8b465ee728b) (PreviewImporter) -> (artifact id: '1e3ee85287093c2e01e2184a29fd3edf') in 0.0020087 seconds
Number of updated asset objects reloaded before import = 0Number of asset objects unloaded after import = 0

